<?xml version="1.0" encoding="UTF-8"?>
<!-- Generated by org.testng.reporters.JUnitXMLReporter -->
<testsuite hostname="Gozdes-MacBook-Pro.local" ignored="0" name="Default test" tests="4" failures="0" timestamp="2020-09-06T12:30:39 PDT" time="11.312" errors="0">
  <testcase name="invalidLogin" time="0.307" classname="com.hrms.testcases.LoginTest"/>
  <testcase name="invalidLogin" time="0.274" classname="com.hrms.testcases.LoginTest"/>
  <testcase name="invalidLogin" time="0.966" classname="com.hrms.testcases.LoginTest"/>
  <testcase name="validLogin" time="2.543" classname="com.hrms.testcases.LoginTest"/>
</testsuite> <!-- Default test -->
