<?xml version="1.0" encoding="UTF-8"?>
<!-- Generated by org.testng.reporters.JUnitXMLReporter -->
<testsuite hostname="Gozdes-MacBook-Pro.local" ignored="0" name="Test" tests="4" failures="4" timestamp="2020-09-06T11:20:08 PDT" time="7.425" errors="0">
  <testcase name="invalidLogin" time="0.004" classname="com.hrms.testcases.LoginTest">
    <failure type="java.lang.Error" message="Unresolved compilation problems: 
	userNameTextBox cannot be resolved or is not a field
	loginButton cannot be resolved or is not a field
	spanMsg cannot be resolved or is not a field
">
      <![CDATA[java.lang.Error: Unresolved compilation problems: 
userNameTextBox cannot be resolved or is not a field
loginButton cannot be resolved or is not a field
spanMsg cannot be resolved or is not a field

at com.hrms.testcases.LoginTest.invalidLogin(LoginTest.java:37)
at java.util.ArrayList.forEach(ArrayList.java:1257)
... Removed 27 stack frames]]>
    </failure>
  </testcase> <!-- invalidLogin -->
  <testcase name="invalidLogin" time="0.001" classname="com.hrms.testcases.LoginTest">
    <failure type="java.lang.Error" message="Unresolved compilation problems: 
	userNameTextBox cannot be resolved or is not a field
	loginButton cannot be resolved or is not a field
	spanMsg cannot be resolved or is not a field
">
      <![CDATA[java.lang.Error: Unresolved compilation problems: 
userNameTextBox cannot be resolved or is not a field
loginButton cannot be resolved or is not a field
spanMsg cannot be resolved or is not a field

at com.hrms.testcases.LoginTest.invalidLogin(LoginTest.java:37)
at java.util.ArrayList.forEach(ArrayList.java:1257)
... Removed 27 stack frames]]>
    </failure>
  </testcase> <!-- invalidLogin -->
  <testcase name="invalidLogin" time="0.002" classname="com.hrms.testcases.LoginTest">
    <failure type="java.lang.Error" message="Unresolved compilation problems: 
	userNameTextBox cannot be resolved or is not a field
	loginButton cannot be resolved or is not a field
	spanMsg cannot be resolved or is not a field
">
      <![CDATA[java.lang.Error: Unresolved compilation problems: 
userNameTextBox cannot be resolved or is not a field
loginButton cannot be resolved or is not a field
spanMsg cannot be resolved or is not a field

at com.hrms.testcases.LoginTest.invalidLogin(LoginTest.java:37)
at java.util.ArrayList.forEach(ArrayList.java:1257)
... Removed 27 stack frames]]>
    </failure>
  </testcase> <!-- invalidLogin -->
  <testcase name="validLogin" time="0.001" classname="com.hrms.testcases.LoginTest">
    <failure type="java.lang.Error" message="Unresolved compilation problems: 
	userNameTextBox cannot be resolved or is not a field
	loginButton cannot be resolved or is not a field
">
      <![CDATA[java.lang.Error: Unresolved compilation problems: 
userNameTextBox cannot be resolved or is not a field
loginButton cannot be resolved or is not a field

at com.hrms.testcases.LoginTest.validLogin(LoginTest.java:24)
at java.util.ArrayList.forEach(ArrayList.java:1257)
... Removed 27 stack frames]]>
    </failure>
  </testcase> <!-- validLogin -->
</testsuite> <!-- Test -->
