<?xml version="1.0" encoding="UTF-8"?>
<!-- Generated by org.testng.reporters.JUnitXMLReporter -->
<testsuite hostname="Gozdes-MacBook-Pro.local" ignored="4" name="Smoke Test" tests="1" failures="0" timestamp="2020-09-09T00:57:25 PDT" time="5.884" errors="0">
  <testcase name="validLogin" time="2.155" classname="com.hrms.testcases.LoginTest"/>
  <testcase name="addEmployee" time="0.0" classname="com.hrms.testcases.AddMultipleEmployees">
    <ignored/>
  </testcase> <!-- addEmployee -->
  <testcase name="invalidLogin" time="0.0" classname="com.hrms.testcases.LoginTest">
    <ignored/>
  </testcase> <!-- invalidLogin -->
  <testcase name="addEmployee" time="0.0" classname="com.hrms.testcases.AddEmployeeTest">
    <ignored/>
  </testcase> <!-- addEmployee -->
  <testcase name="addMultipleEmployees" time="0.0" classname="com.hrms.testcases.AddEmployeeTest">
    <ignored/>
  </testcase> <!-- addMultipleEmployees -->
</testsuite> <!-- Smoke Test -->
