<?xml version="1.0" encoding="UTF-8"?>
<!-- Generated by org.testng.reporters.JUnitXMLReporter -->
<testsuite hostname="Gozdes-MacBook-Pro.local" ignored="1" name="Regression Test" tests="4" failures="0" timestamp="2020-09-10T17:08:23 PDT" time="41.943" errors="0">
  <testcase name="invalidLogin" time="0.352" classname="com.hrms.testcases.LoginTest"/>
  <testcase name="invalidLogin" time="0.323" classname="com.hrms.testcases.LoginTest"/>
  <testcase name="invalidLogin" time="0.904" classname="com.hrms.testcases.LoginTest"/>
  <testcase name="addMultipleEmployees" time="27.822" classname="com.hrms.testcases.AddEmployeeTest"/>
  <testcase name="validLogin" time="0.0" classname="com.hrms.testcases.LoginTest">
    <ignored/>
  </testcase> <!-- validLogin -->
</testsuite> <!-- Regression Test -->
