<?xml version="1.0" encoding="UTF-8"?>
<testng-results skipped="0" failed="0" ignored="1" total="2" passed="1">
  <reporter-output>
  </reporter-output>
  <suite name="Smoke Suite" duration-ms="4092" started-at="2020-09-06T12:32:15 PDT" finished-at="2020-09-06T12:32:19 PDT">
    <groups>
      <group name="smoke">
        <method signature="LoginTest.validLogin()[pri:0, instance:com.hrms.testcases.LoginTest@e320068]" name="validLogin" class="com.hrms.testcases.LoginTest"/>
      </group> <!-- smoke -->
    </groups>
    <test name="Smoke Test" duration-ms="4092" started-at="2020-09-06T12:32:15 PDT" finished-at="2020-09-06T12:32:19 PDT">
      <class name="com.hrms.testcases.LoginTest">
        <test-method status="PASS" signature="setUp()[pri:0, instance:com.hrms.testcases.LoginTest@e320068]" name="setUp" is-config="true" duration-ms="1967" started-at="2020-09-06T12:32:15 PDT" finished-at="2020-09-06T12:32:17 PDT">
          <reporter-output>
          </reporter-output>
        </test-method> <!-- setUp -->
        <test-method status="PASS" signature="validLogin()[pri:0, instance:com.hrms.testcases.LoginTest@e320068]" name="validLogin" duration-ms="2019" started-at="2020-09-06T12:32:17 PDT" finished-at="2020-09-06T12:32:19 PDT">
          <reporter-output>
          </reporter-output>
        </test-method> <!-- validLogin -->
        <test-method status="PASS" signature="tearDown()[pri:0, instance:com.hrms.testcases.LoginTest@e320068]" name="tearDown" is-config="true" duration-ms="82" started-at="2020-09-06T12:32:19 PDT" finished-at="2020-09-06T12:32:19 PDT">
          <reporter-output>
          </reporter-output>
        </test-method> <!-- tearDown -->
      </class> <!-- com.hrms.testcases.LoginTest -->
    </test> <!-- Smoke Test -->
  </suite> <!-- Smoke Suite -->
</testng-results>
